<?xml version="1.0" encoding="UTF-8"?>
<!-- Generated by org.testng.reporters.JUnitReportReporter -->
<testsuite skipped="0" hostname="WAILAP124" name="test.HandlePatientsSearchTest" tests="1" failures="0" timestamp="2022-08-17T10:09:12 IST" time="52.285" errors="0">
  <testcase name="addNewSuregery" time="52.285" classname="test.HandlePatientsSearchTest"/>
  <system-out/>
</testsuite> <!-- test.HandlePatientsSearchTest -->
