<?xml version="1.0" encoding="UTF-8"?>
<!-- Generated by org.testng.reporters.JUnitReportReporter -->
<testsuite skipped="0" hostname="WAILAP124" name="test.ValidateLogin" tests="1" failures="0" timestamp="2022-08-16T15:47:26 IST" time="106.945" errors="0">
  <testcase name="testLogin" time="106.945" classname="test.ValidateLogin"/>
  <system-out/>
</testsuite> <!-- test.ValidateLogin -->
